2025-03-22 13:02:52,281 - root - INFO - アプリケーション起動
2025-03-22 13:02:52,438 - root - INFO - 日本語対応フォントを設定しました
2025-03-22 13:03:30,381 - root - INFO - AutoSleepデータを読み込んでいます...
2025-03-22 13:03:30,406 - root - INFO - AutoSleepデータを読み込みました: 22レコード
2025-03-22 13:03:30,406 - root - INFO - HRVデータを読み込んでいます...
2025-03-22 13:03:30,410 - root - INFO - HRVデータを読み込みました: 22日分
2025-03-22 13:03:30,415 - root - ERROR - データ処理エラー: 'DataFrame' object has no attribute 'append'
2025-03-22 13:08:23,782 - root - INFO - AutoSleepデータを読み込んでいます...
2025-03-22 13:08:23,795 - root - INFO - AutoSleepデータを読み込みました: 22レコード
2025-03-22 13:08:23,795 - root - INFO - HRVデータを読み込んでいます...
2025-03-22 13:08:23,799 - root - INFO - HRVデータを読み込みました: 22日分
2025-03-22 13:08:23,800 - root - ERROR - データ処理エラー: 'DataFrame' object has no attribute 'append'
2025-03-22 13:20:55,115 - root - INFO - AutoSleepデータを読み込んでいます...
2025-03-22 13:20:55,130 - root - INFO - AutoSleepデータを読み込みました: 22レコード
2025-03-22 13:20:55,130 - root - INFO - HRVデータを読み込んでいます...
2025-03-22 13:20:55,134 - root - INFO - HRVデータを読み込みました: 22日分
2025-03-22 13:20:55,135 - root - ERROR - データ処理エラー: 'DataFrame' object has no attribute 'append'
2025-03-22 13:34:24,687 - root - INFO - アプリケーション起動
2025-03-22 13:34:24,809 - root - INFO - 日本語対応フォントを設定しました
2025-03-22 13:34:43,184 - root - INFO - AutoSleepデータを読み込んでいます...
2025-03-22 13:34:43,201 - root - INFO - AutoSleepデータを読み込みました: 22レコード
2025-03-22 13:34:43,201 - root - INFO - HRVデータを読み込んでいます...
2025-03-22 13:34:43,206 - root - INFO - HRVデータを読み込みました: 22日分
2025-03-22 13:34:43,208 - root - ERROR - データ処理エラー: 'DataFrame' object has no attribute 'append'
2025-03-22 14:49:33,590 - root - INFO - アプリケーション起動
2025-03-22 14:49:33,732 - root - INFO - 日本語対応フォントを設定しました
2025-03-22 14:50:15,174 - root - INFO - AutoSleepデータを読み込んでいます...
2025-03-22 14:50:15,190 - root - INFO - AutoSleepデータを読み込みました: 22レコード
2025-03-22 14:50:15,191 - root - INFO - HRVデータを読み込んでいます...
2025-03-22 14:50:15,196 - root - INFO - HRVデータを読み込みました: 22日分
2025-03-22 14:50:15,196 - root - ERROR - データ処理エラー: cannot access local variable 'sleep_record' where it is not associated with a value
2025-03-22 14:53:39,236 - root - INFO - AutoSleepデータを読み込んでいます...
2025-03-22 14:53:39,254 - root - INFO - AutoSleepデータを読み込みました: 22レコード
2025-03-22 14:53:39,255 - root - INFO - HRVデータを読み込んでいます...
2025-03-22 14:53:39,258 - root - INFO - HRVデータを読み込みました: 22日分
2025-03-22 14:53:39,258 - root - ERROR - データ処理エラー: cannot access local variable 'sleep_record' where it is not associated with a value
2025-03-22 14:56:29,434 - root - INFO - AutoSleepデータを読み込んでいます...
2025-03-22 14:56:29,448 - root - INFO - AutoSleepデータを読み込みました: 22レコード
2025-03-22 14:56:29,448 - root - INFO - HRVデータを読み込んでいます...
2025-03-22 14:56:29,451 - root - INFO - HRVデータを読み込みました: 22日分
2025-03-22 14:56:29,451 - root - ERROR - データ処理エラー: cannot access local variable 'sleep_record' where it is not associated with a value
2025-03-22 14:57:46,572 - root - INFO - アプリケーション起動
2025-03-22 14:57:46,702 - root - INFO - 日本語対応フォントを設定しました
2025-03-22 14:58:10,881 - root - INFO - AutoSleepデータを読み込んでいます...
2025-03-22 14:58:10,898 - root - INFO - AutoSleepデータを読み込みました: 22レコード
2025-03-22 14:58:10,899 - root - INFO - HRVデータを読み込んでいます...
2025-03-22 14:58:10,904 - root - INFO - HRVデータを読み込みました: 22日分
2025-03-22 14:59:43,545 - root - INFO - PDFレポートを生成しました: /Users/kenjigonda/Desktop/Personal/8weeks/STG5/Week2/WEEK1_2.pdf
2025-03-22 15:08:46,571 - root - INFO - AutoSleepデータを読み込んでいます...
2025-03-22 15:08:46,607 - root - INFO - AutoSleepデータを読み込みました: 22レコード
2025-03-22 15:08:46,607 - root - INFO - HRVデータを読み込んでいます...
2025-03-22 15:08:46,615 - root - INFO - HRVデータを読み込みました: 22日分
2025-03-22 15:09:08,277 - root - INFO - PDFレポートを生成しました: /Users/kenjigonda/Desktop/Personal/8weeks/STG5/Week2/WEEK1_2_Ver2.pdf
2025-03-22 15:10:01,838 - root - INFO - AutoSleepデータを読み込んでいます...
2025-03-22 15:10:01,873 - root - INFO - AutoSleepデータを読み込みました: 8レコード
2025-03-22 15:10:01,873 - root - INFO - HRVデータを読み込んでいます...
2025-03-22 15:10:01,880 - root - INFO - HRVデータを読み込みました: 9日分
2025-03-22 15:14:19,799 - root - INFO - AutoSleepデータを読み込んでいます...
2025-03-22 15:14:19,826 - root - INFO - AutoSleepデータを読み込みました: 8レコード
2025-03-22 15:14:19,826 - root - INFO - HRVデータを読み込んでいます...
2025-03-22 15:14:19,832 - root - INFO - HRVデータを読み込みました: 9日分
2025-03-22 15:14:20,866 - root - INFO - AutoSleepデータを読み込んでいます...
2025-03-22 15:14:20,884 - root - INFO - AutoSleepデータを読み込みました: 8レコード
2025-03-22 15:14:20,885 - root - INFO - HRVデータを読み込んでいます...
2025-03-22 15:14:20,890 - root - INFO - HRVデータを読み込みました: 9日分
2025-03-22 15:14:33,448 - root - INFO - AutoSleepデータを読み込んでいます...
2025-03-22 15:14:33,471 - root - INFO - AutoSleepデータを読み込みました: 8レコード
2025-03-22 15:14:33,471 - root - INFO - HRVデータを読み込んでいます...
2025-03-22 15:14:33,477 - root - INFO - HRVデータを読み込みました: 9日分
2025-03-22 15:14:57,451 - root - INFO - アプリケーション起動
2025-03-22 15:14:57,566 - root - INFO - 日本語対応フォントを設定しました
2025-03-22 15:15:20,546 - root - INFO - AutoSleepデータを読み込んでいます...
2025-03-22 15:15:20,556 - root - INFO - AutoSleepデータを読み込みました: 22レコード
2025-03-22 15:15:20,556 - root - INFO - HRVデータを読み込んでいます...
2025-03-22 15:15:20,559 - root - INFO - HRVデータを読み込みました: 22日分
2025-03-22 15:15:46,698 - root - INFO - PDFレポートを生成しました: /Users/kenjigonda/Desktop/Personal/8weeks/STG5/Week2/WEEK1_2_VER3.pdf
2025-03-22 15:18:46,762 - root - INFO - AutoSleepデータを読み込んでいます...
2025-03-22 15:18:46,785 - root - INFO - AutoSleepデータを読み込みました: 22レコード
2025-03-22 15:18:46,785 - root - INFO - HRVデータを読み込んでいます...
2025-03-22 15:18:46,788 - root - INFO - HRVデータを読み込みました: 22日分
2025-03-22 15:19:05,075 - root - INFO - PDFレポートを生成しました: /Users/kenjigonda/Desktop/Personal/8weeks/STG5/Week2/WEEK1_2_VER3.pdf
2025-03-22 15:20:40,728 - root - INFO - アプリケーション起動
2025-03-22 15:20:40,858 - root - INFO - 日本語対応フォントを設定しました
2025-03-22 15:20:57,475 - root - INFO - AutoSleepデータを読み込んでいます...
2025-03-22 15:20:57,493 - root - INFO - AutoSleepデータを読み込みました: 8レコード
2025-03-22 15:20:57,493 - root - INFO - HRVデータを読み込んでいます...
2025-03-22 15:20:57,498 - root - INFO - HRVデータを読み込みました: 9日分
2025-03-22 15:21:55,927 - root - INFO - AutoSleepデータを読み込んでいます...
2025-03-22 15:21:55,947 - root - INFO - AutoSleepデータを読み込みました: 8レコード
2025-03-22 15:21:55,947 - root - INFO - HRVデータを読み込んでいます...
2025-03-22 15:21:55,950 - root - INFO - HRVデータを読み込みました: 9日分
2025-03-22 15:25:02,517 - root - ERROR - 日本語フォント登録エラー: TTC file "/System/Library/Fonts/ヒラギノ角ゴシック W3.ttc": postscript outlines are not supported
2025-03-22 15:25:02,530 - root - INFO - PDFレポートを生成しました: /Users/kenjigonda/Desktop/Personal/8weeks/STG5/Week2/WEEK1＿２.pdf
2025-03-22 15:32:23,404 - root - INFO - AutoSleepデータを読み込んでいます...
2025-03-22 15:32:23,427 - root - INFO - AutoSleepデータを読み込みました: 8レコード
2025-03-22 15:32:23,427 - root - INFO - HRVデータを読み込んでいます...
2025-03-22 15:32:23,431 - root - INFO - HRVデータを読み込みました: 9日分
2025-03-22 15:32:49,642 - root - INFO - アプリケーション起動
2025-03-22 15:32:49,767 - root - INFO - 日本語対応フォントを設定しました
2025-03-22 15:33:11,753 - root - INFO - AutoSleepデータを読み込んでいます...
2025-03-22 15:33:11,771 - root - INFO - AutoSleepデータを読み込みました: 22レコード
2025-03-22 15:33:11,771 - root - INFO - HRVデータを読み込んでいます...
2025-03-22 15:33:11,776 - root - INFO - HRVデータを読み込みました: 22日分
2025-03-22 15:33:39,009 - root - INFO - PDFレポートを生成しました: /Users/kenjigonda/Desktop/Personal/8weeks/STG5/Week2/M0316_ 権田顕治様_腸内精密検査結果（カンジダ）.pdf
2025-03-22 15:38:01,339 - root - INFO - AutoSleepデータを読み込んでいます...
2025-03-22 15:38:01,362 - root - INFO - AutoSleepデータを読み込みました: 22レコード
2025-03-22 15:38:01,362 - root - INFO - HRVデータを読み込んでいます...
2025-03-22 15:38:01,366 - root - INFO - HRVデータを読み込みました: 22日分
2025-03-22 15:38:16,156 - root - INFO - PDFレポートを生成しました: /Users/kenjigonda/Desktop/Personal/8weeks/STG5/Week2/WEEK1_2.pdf
2025-03-22 15:38:59,781 - root - INFO - アプリケーション起動
2025-03-22 15:38:59,913 - root - INFO - 日本語対応フォントを設定しました
2025-03-22 15:39:21,821 - root - INFO - AutoSleepデータを読み込んでいます...
2025-03-22 15:39:21,839 - root - INFO - AutoSleepデータを読み込みました: 22レコード
2025-03-22 15:39:21,839 - root - INFO - HRVデータを読み込んでいます...
2025-03-22 15:39:21,844 - root - INFO - HRVデータを読み込みました: 22日分
2025-03-22 15:39:49,451 - root - INFO - PDFレポートを生成しました: /Users/kenjigonda/Desktop/Personal/8weeks/STG5/WEEK1_2.pdf
2025-03-22 15:44:20,457 - root - INFO - AutoSleepデータを読み込んでいます...
2025-03-22 15:44:20,483 - root - INFO - AutoSleepデータを読み込みました: 22レコード
2025-03-22 15:44:20,483 - root - INFO - HRVデータを読み込んでいます...
2025-03-22 15:44:20,486 - root - INFO - HRVデータを読み込みました: 22日分
2025-03-22 15:44:34,819 - root - INFO - PDFレポートを生成しました: /Users/kenjigonda/Desktop/Personal/8weeks/STG5/Week2/WEEK1_2.pdf
2025-03-22 15:45:05,928 - root - INFO - アプリケーション起動
2025-03-22 15:45:06,054 - root - INFO - 日本語対応フォントを設定しました
2025-03-22 15:45:23,707 - root - INFO - AutoSleepデータを読み込んでいます...
2025-03-22 15:45:23,725 - root - INFO - AutoSleepデータを読み込みました: 22レコード
2025-03-22 15:45:23,726 - root - INFO - HRVデータを読み込んでいます...
2025-03-22 15:45:23,731 - root - INFO - HRVデータを読み込みました: 22日分
2025-03-22 15:45:40,102 - root - INFO - PDFレポートを生成しました: /Users/kenjigonda/Desktop/Personal/8weeks/STG5/Week2/WEEK1_2.pdf
2025-03-22 16:02:08,624 - root - INFO - PDFレポートを生成しました: /Users/kenjigonda/Desktop/Personal/8weeks/STG5/Week2/WEEK1_2?VER2.pdf
2025-03-22 16:02:55,655 - root - INFO - アプリケーション起動
2025-03-22 16:02:55,768 - root - INFO - 日本語対応フォントを設定しました
2025-03-22 16:03:11,060 - root - INFO - AutoSleepデータを読み込んでいます...
2025-03-22 16:03:11,077 - root - INFO - AutoSleepデータを読み込みました: 22レコード
2025-03-22 16:03:11,077 - root - INFO - HRVデータを読み込んでいます...
2025-03-22 16:03:11,082 - root - INFO - HRVデータを読み込みました: 22日分
2025-03-22 16:03:35,807 - root - INFO - PDFレポートを生成しました: /Users/kenjigonda/Desktop/Personal/8weeks/STG5/Week2/WEEK1_2.pdf
2025-03-22 16:08:31,520 - root - INFO - PDFレポートを生成しました: /Users/kenjigonda/Desktop/Personal/8weeks/STG5/Week2/WEEK1_2.pdf
2025-03-22 16:11:45,732 - root - INFO - アプリケーション起動
2025-03-22 16:11:45,865 - root - INFO - 日本語対応フォントを設定しました
2025-03-22 16:12:04,874 - root - INFO - AutoSleepデータを読み込んでいます...
2025-03-22 16:12:04,891 - root - INFO - AutoSleepデータを読み込みました: 22レコード
2025-03-22 16:12:04,891 - root - INFO - HRVデータを読み込んでいます...
2025-03-22 16:12:04,897 - root - INFO - HRVデータを読み込みました: 22日分
2025-03-22 16:12:16,284 - root - INFO - PDFレポートを生成しました: /Users/kenjigonda/Desktop/Personal/8weeks/STG5/Week2/WEEK1_2.pdf
2025-03-22 16:26:59,718 - root - INFO - アプリケーション起動
2025-03-22 16:26:59,830 - root - INFO - 日本語対応フォントを設定しました
2025-03-22 16:27:15,905 - root - INFO - AutoSleepデータを読み込んでいます...
2025-03-22 16:27:15,923 - root - INFO - AutoSleepデータを読み込みました: 22レコード
2025-03-22 16:27:15,923 - root - INFO - HRVデータを読み込んでいます...
2025-03-22 16:27:15,929 - root - INFO - HRVデータを読み込みました: 22日分
2025-03-22 16:27:32,475 - root - INFO - PDFレポートを生成しました: /Users/kenjigonda/Desktop/Personal/8weeks/STG5/Week2/WEEK1_2.pdf
2025-03-22 16:30:51,605 - root - INFO - AutoSleepデータを読み込んでいます...
2025-03-22 16:30:51,630 - root - INFO - AutoSleepデータを読み込みました: 22レコード
2025-03-22 16:30:51,630 - root - INFO - HRVデータを読み込んでいます...
2025-03-22 16:30:51,633 - root - INFO - HRVデータを読み込みました: 22日分
2025-03-22 16:30:58,370 - root - INFO - PDFレポートを生成しました: /Users/kenjigonda/Desktop/Personal/8weeks/STG5/Week2/WEEK1＿2.pdf
2025-03-22 16:31:30,340 - root - INFO - アプリケーション起動
2025-03-22 16:31:30,453 - root - INFO - 日本語対応フォントを設定しました
2025-03-22 16:31:47,855 - root - INFO - AutoSleepデータを読み込んでいます...
2025-03-22 16:31:47,872 - root - INFO - AutoSleepデータを読み込みました: 22レコード
2025-03-22 16:31:47,873 - root - INFO - HRVデータを読み込んでいます...
2025-03-22 16:31:47,877 - root - INFO - HRVデータを読み込みました: 22日分
2025-03-22 16:31:55,329 - root - INFO - PDFレポートを生成しました: /Users/kenjigonda/Desktop/Personal/8weeks/STG5/Week2/WEEK1_2.pdf
2025-03-22 19:07:31,382 - root - INFO - アプリケーション起動
2025-03-22 19:07:31,558 - root - INFO - 日本語対応フォントを設定しました
2025-03-22 19:17:11,848 - root - INFO - AutoSleepデータを読み込んでいます...
2025-03-22 19:17:11,875 - root - INFO - AutoSleepデータを読み込みました: 22レコード
2025-03-22 19:17:11,875 - root - INFO - HRVデータを読み込んでいます...
2025-03-22 19:17:11,880 - root - INFO - HRVデータを読み込みました: 22日分
2025-03-22 19:56:19,858 - root - INFO - アプリケーション起動
2025-03-22 19:56:19,993 - root - INFO - 日本語対応フォントを設定しました
2025-03-22 19:56:40,307 - root - INFO - AutoSleepデータを読み込んでいます...
2025-03-22 19:56:40,325 - root - INFO - AutoSleepデータを読み込みました: 22レコード
2025-03-22 19:56:40,325 - root - INFO - HRVデータを読み込んでいます...
2025-03-22 19:56:40,329 - root - INFO - HRVデータを読み込みました: 22日分
2025-03-22 20:21:24,906 - root - INFO - PDFレポートを生成しました: /Users/kenjigonda/Desktop/Personal/8weeks/STG5/Week2/WEEK1_WEEK2.pdf
2025-03-22 21:43:40,825 - root - INFO - アプリケーション起動
2025-03-22 21:43:40,953 - root - INFO - 日本語対応フォントを設定しました
2025-03-22 21:43:55,296 - root - INFO - AutoSleepデータを読み込んでいます...
2025-03-22 21:43:55,309 - root - INFO - AutoSleepデータを読み込みました: 22レコード
2025-03-22 21:43:55,309 - root - INFO - HRVデータを読み込んでいます...
2025-03-22 21:43:55,313 - root - INFO - HRVデータを読み込みました: 22日分
2025-03-22 21:45:22,575 - root - INFO - PDFレポートを生成しました: /Users/kenjigonda/Desktop/Personal/8weeks/STG5/Week2/WEEK1_WEEK2_修正.pdf
2025-03-23 08:10:55,205 - root - INFO - アプリケーション起動
2025-03-23 08:10:55,366 - root - INFO - 日本語対応フォントを設定しました
2025-03-29 08:21:54,763 - root - INFO - アプリケーション起動
2025-03-29 08:21:55,006 - root - INFO - 日本語対応フォントを設定しました
2025-03-29 08:25:52,661 - root - INFO - AutoSleepデータを読み込んでいます...
2025-03-29 08:25:52,676 - root - INFO - AutoSleepデータを読み込みました: 10レコード
2025-03-29 08:25:52,676 - root - INFO - HRVデータを読み込んでいます...
2025-03-29 08:25:52,682 - root - INFO - HRVデータを読み込みました: 10日分
2025-03-29 08:27:03,472 - root - INFO - PDFレポートを生成しました: /Users/kenjigonda/Desktop/Personal/8weeks/STG5/Week3/HRVWeek3.pdf
